<?xml version="1.0" encoding="UTF-8"?>
<!-- Generated by org.testng.reporters.JUnitReportReporter -->
<testsuite hostname="ADMIN-PC" failures="0" tests="1" name="testclasses.ChildebrowserAndiframe" time="61.967" errors="0" timestamp="2022-05-24T22:52:57 IST" skipped="0">
  <testcase classname="testclasses.ChildebrowserAndiframe" name="childbrowserandiframe" time="61.967"/>
  <system-out/>
</testsuite> <!-- testclasses.ChildebrowserAndiframe -->
